<?xml version="1.0" encoding="UTF-8"?>
<testsuite name="http.HttpRequestTest" tests="2" skipped="0" failures="0" errors="0" timestamp="2018-02-19T22:25:00" hostname="home-MS-7693" time="0.128">
  <properties/>
  <testcase name="testNotIdempotent" classname="http.HttpRequestTest" time="0.12"/>
  <testcase name="testIdempotent" classname="http.HttpRequestTest" time="0.005"/>
  <system-out><![CDATA[]]></system-out>
  <system-err><![CDATA[]]></system-err>
</testsuite>
